#
# There is insufficient memory for the Java Runtime Environment to continue.
# Native memory allocation (malloc) failed to allocate 1082416 bytes for Chunk::new
# Possible reasons:
#   The system is out of physical RAM or swap space
#   The process is running with CompressedOops enabled, and the Java Heap may be blocking the growth of the native heap
# Possible solutions:
#   Reduce memory load on the system
#   Increase physical memory or swap space
#   Check if swap backing store is full
#   Decrease Java heap size (-Xmx/-Xms)
#   Decrease number of Java threads
#   Decrease Java thread stack sizes (-Xss)
#   Set larger code cache with -XX:ReservedCodeCacheSize=
#   JVM is running with Unscaled Compressed Oops mode in which the Java heap is
#     placed in the first 4GB address space. The Java Heap base address is the
#     maximum limit for the native heap growth. Please use -XX:HeapBaseMinAddress
#     to set the Java Heap base and to place the Java Heap above 4GB virtual address.
# This output file may be truncated or incomplete.
#
#  Out of Memory Error (allocation.cpp:389), pid=13932, tid=0x0000000000002ffc
#
# JRE version: Java(TM) SE Runtime Environment (8.0_241-b07) (build 1.8.0_241-b07)
# Java VM: Java HotSpot(TM) 64-Bit Server VM (25.241-b07 mixed mode windows-amd64 compressed oops)
# Failed to write core dump. Minidumps are not enabled by default on client versions of Windows
#

---------------  T H R E A D  ---------------

Current thread (0x0000000016fac000):  JavaThread "C2 CompilerThread0" daemon [_thread_in_native, id=12284, stack(0x00000000188b0000,0x00000000189b0000)]

Stack: [0x00000000188b0000,0x00000000189b0000]
[error occurred during error reporting (printing stack bounds), id 0xc0000005]

Native frames: (J=compiled Java code, j=interpreted, Vv=VM code, C=native code)


Current CompileTask:
C2:  62116 14728       4       com.android.tools.r8.ir.conversion.JarSourceCode::build (293 bytes)


---------------  P R O C E S S  ---------------

Java Threads: ( => current thread )
  0x000000001cf7f800 JavaThread "ForkJoinPool.commonPool-worker-3" daemon [_thread_in_Java, id=24068, stack(0x0000000026b10000,0x0000000026c10000)]
  0x000000001cf7c800 JavaThread "ForkJoinPool.commonPool-worker-2" daemon [_thread_in_vm, id=18440, stack(0x0000000026a10000,0x0000000026b10000)]
  0x000000001cf7e800 JavaThread "ForkJoinPool.commonPool-worker-1" daemon [_thread_in_native, id=17820, stack(0x0000000026910000,0x0000000026a10000)]
  0x000000001c9cd800 JavaThread "Cache worker for Java compile cache (F:\GitHub\Client\FastEC\.gradle\4.6\javaCompile)" [_thread_blocked, id=12792, stack(0x0000000026010000,0x0000000026110000)]
  0x000000001c9cb800 JavaThread "stdout" [_thread_in_native, id=8188, stack(0x0000000025410000,0x0000000025510000)]
  0x000000001c9ca000 JavaThread "stderr" [_thread_in_native, id=23080, stack(0x0000000025310000,0x0000000025410000)]
  0x000000001c9bf800 JavaThread "pool-5-thread-1" [_thread_blocked, id=22524, stack(0x0000000024ec0000,0x0000000024fc0000)]
  0x000000001c9c9000 JavaThread "Task worker for ':' Thread 3" [_thread_blocked, id=22284, stack(0x0000000024bc0000,0x0000000024cc0000)]
  0x000000001c9c8800 JavaThread "Task worker for ':' Thread 2" [_thread_blocked, id=27084, stack(0x0000000024ac0000,0x0000000024bc0000)]
  0x000000001c9c7000 JavaThread "Task worker for ':'" [_thread_blocked, id=19044, stack(0x00000000249c0000,0x0000000024ac0000)]
  0x000000001c9c1000 JavaThread "Cache worker for Build Output Cleanup Cache (F:\GitHub\Client\FastEC\.gradle\buildOutputCleanup)" [_thread_blocked, id=22740, stack(0x0000000023750000,0x0000000023850000)]
  0x000000001c9c4800 JavaThread "Cache worker for task history cache (F:\GitHub\Client\FastEC\.gradle\4.6\taskHistory)" [_thread_blocked, id=11208, stack(0x0000000023860000,0x0000000023960000)]
  0x000000001c9c7800 JavaThread "Cache worker for file content cache (F:\GitHub\Client\FastEC\.gradle\4.6\fileContent)" [_thread_blocked, id=3176, stack(0x0000000023250000,0x0000000023350000)]
  0x000000001c9c6000 JavaThread "Memory manager" [_thread_blocked, id=21512, stack(0x0000000022150000,0x0000000022250000)]
  0x000000001c9be800 JavaThread "Build operations Thread 4" [_thread_blocked, id=15176, stack(0x0000000021a50000,0x0000000021b50000)]
  0x000000001c9c2800 JavaThread "Build operations Thread 3" [_thread_blocked, id=10104, stack(0x0000000021700000,0x0000000021800000)]
  0x000000001c9c1800 JavaThread "Build operations Thread 2" [_thread_blocked, id=16616, stack(0x0000000021600000,0x0000000021700000)]
  0x000000001c9c4000 JavaThread "Build operations" [_thread_blocked, id=16860, stack(0x0000000021500000,0x0000000021600000)]
  0x0000000019fa5000 JavaThread "Cache worker for Artifact transforms cache (E:\Android\Gradle\caches\transforms-1)" [_thread_blocked, id=19408, stack(0x000000001d9d0000,0x000000001dad0000)]
  0x0000000019fa3800 JavaThread "Cache worker for file hash cache (F:\GitHub\Client\FastEC\.gradle\4.6\fileHashes)" [_thread_blocked, id=17684, stack(0x000000001c700000,0x000000001c800000)]
  0x0000000019fa6000 JavaThread "File lock request listener" [_thread_in_native, id=6336, stack(0x000000001c600000,0x000000001c700000)]
  0x0000000019fa3000 JavaThread "Cache worker for file hash cache (E:\Android\Gradle\caches\4.6\fileHashes)" [_thread_blocked, id=26824, stack(0x000000001c500000,0x000000001c600000)]
  0x0000000019fb4000 JavaThread "Stdin handler" [_thread_blocked, id=17472, stack(0x000000001b230000,0x000000001b330000)]
  0x000000001a156000 JavaThread "Asynchronous log dispatcher for DefaultDaemonConnection: socket connection from /127.0.0.1:57226 to /127.0.0.1:57227" [_thread_blocked, id=8556, stack(0x000000001b130000,0x000000001b230000)]
  0x000000001a10d800 JavaThread "Daemon worker" [_thread_blocked, id=7220, stack(0x000000001b030000,0x000000001b130000)]
  0x000000001a176000 JavaThread "Cancel handler" [_thread_blocked, id=21100, stack(0x000000001af30000,0x000000001b030000)]
  0x000000001a1e2000 JavaThread "Handler for socket connection from /127.0.0.1:57226 to /127.0.0.1:57227" [_thread_in_native, id=27200, stack(0x000000001ac30000,0x000000001ad30000)]
  0x000000001a1e1000 JavaThread "Daemon" [_thread_blocked, id=22888, stack(0x000000001ab30000,0x000000001ac30000)]
  0x000000001a1c5000 JavaThread "Daemon periodic checks" [_thread_blocked, id=26180, stack(0x000000001aa30000,0x000000001ab30000)]
  0x0000000019fda800 JavaThread "Incoming local TCP Connector on port 57226" [_thread_in_native, id=24900, stack(0x000000001a880000,0x000000001a980000)]
  0x000000001a01a000 JavaThread "Daemon health stats" [_thread_blocked, id=17612, stack(0x000000001a580000,0x000000001a680000)]
  0x000000001833f800 JavaThread "Service Thread" daemon [_thread_blocked, id=24552, stack(0x0000000018bb0000,0x0000000018cb0000)]
  0x00000000182c9000 JavaThread "C1 CompilerThread2" daemon [_thread_blocked, id=3148, stack(0x0000000018ab0000,0x0000000018bb0000)]
  0x00000000182bb000 JavaThread "C2 CompilerThread1" daemon [_thread_in_native, id=11144, stack(0x00000000189b0000,0x0000000018ab0000)]
=>0x0000000016fac000 JavaThread "C2 CompilerThread0" daemon [_thread_in_native, id=12284, stack(0x00000000188b0000,0x00000000189b0000)]
  0x0000000016f60800 JavaThread "Attach Listener" daemon [_thread_blocked, id=12220, stack(0x00000000187b0000,0x00000000188b0000)]
  0x0000000016f5f800 JavaThread "Signal Dispatcher" daemon [_thread_blocked, id=17840, stack(0x00000000186b0000,0x00000000187b0000)]
  0x00000000035db000 JavaThread "Finalizer" daemon [_thread_blocked, id=11212, stack(0x00000000181b0000,0x00000000182b0000)]
  0x0000000016f3a000 JavaThread "Reference Handler" daemon [_thread_blocked, id=22516, stack(0x00000000180b0000,0x00000000181b0000)]
  0x00000000034e2800 JavaThread "main" [_thread_blocked, id=1064, stack(0x00000000032f0000,0x00000000033f0000)]

Other Threads:
  0x0000000016f17800 VMThread [stack: 0x0000000017fb0000,0x00000000180b0000] [id=11076]
  0x000000001836d800 WatcherThread [stack: 0x0000000018cb0000,0x0000000018db0000] [id=27076]

VM state:not at safepoint (normal execution)

VM Mutex/Monitor currently owned by a thread: None

heap address: 0x00000000a0000000, size: 1536 MB, Compressed Oops mode: 32-bit
Narrow klass base: 0x0000000000000000, Narrow klass shift: 3
Compressed class space size: 1073741824 Address: 0x0000000100000000

Heap:
 PSYoungGen      total 222208K, used 130590K [0x00000000e0000000, 0x00000000f2700000, 0x0000000100000000)
  eden space 184320K, 50% used [0x00000000e0000000,0x00000000e5a8a568,0x00000000eb400000)
  from space 37888K, 99% used [0x00000000ee500000,0x00000000f09fd558,0x00000000f0a00000)
  to   space 50176K, 0% used [0x00000000eb400000,0x00000000eb400000,0x00000000ee500000)
 ParOldGen       total 181248K, used 125261K [0x00000000a0000000, 0x00000000ab100000, 0x00000000e0000000)
  object space 181248K, 69% used [0x00000000a0000000,0x00000000a7a534e0,0x00000000ab100000)
 Metaspace       used 92480K, capacity 95766K, committed 96000K, reserved 1132544K
  class space    used 11919K, capacity 12689K, committed 12800K, reserved 1048576K

Card table byte_map: [0x00000000129a0000,0x0000000012cb0000] byte_map_base: 0x00000000124a0000

Marking Bits: (ParMarkBitMap*) 0x000000006cfbbe30
 Begin Bits: [0x00000000132b0000, 0x0000000014ab0000)
 End Bits:   [0x0000000014ab0000, 0x00000000162b0000)

Polling page: 0x0000000001340000

CodeCache: size=245760Kb used=41145Kb max_used=41354Kb free=204614Kb
 bounds [0x00000000035e0000, 0x0000000005e70000, 0x00000000125e0000]
 total_blobs=13281 nmethods=12334 adapters=855
 compilation: disabled (not enough contiguous free space left)

Compilation events (10 events):
Event: 62.090 Thread 0x00000000182c9000 nmethod 14895 0x00000000053d0b50 code [0x00000000053d0da0, 0x00000000053d1548]
Event: 62.090 Thread 0x00000000182c9000 14896       2       com.android.tools.r8.ir.optimize.CodeRewriter::hasCSECandidate (75 bytes)
Event: 62.091 Thread 0x00000000182c9000 nmethod 14896 0x00000000053cfb90 code [0x00000000053cfda0, 0x00000000053d0438]
Event: 62.091 Thread 0x00000000182c9000 14885       3       com.android.tools.r8.it.unimi.dsi.fastutil.ints.Int2ReferenceAVLTreeMap$Submap$SubmapIterator::<init> (22 bytes)
Event: 62.091 Thread 0x00000000182c9000 nmethod 14885 0x00000000053cf550 code [0x00000000053cf6c0, 0x00000000053cfa08]
Event: 62.091 Thread 0x00000000182c9000 14893       2       com.android.tools.r8.ir.conversion.IRBuilder::addDebugLocalRead (38 bytes)
Event: 62.091 Thread 0x00000000182c9000 nmethod 14893 0x00000000053cef50 code [0x00000000053cf0e0, 0x00000000053cf388]
Event: 62.091 Thread 0x00000000182c9000 14897       2       com.android.tools.r8.ir.regalloc.LinearScanRegisterAllocator::highestUsedRegister (7 bytes)
Event: 62.092 Thread 0x00000000182c9000 nmethod 14897 0x00000000053ceb90 code [0x00000000053cece0, 0x00000000053cee70]
Event: 62.092 Thread 0x00000000182c9000 14888       3       com.android.tools.r8.ir.conversion.IRBuilder::isOffsetProcessed (15 bytes)

GC Heap History (10 events):
Event: 50.198 GC heap before
{Heap before GC invocations=15 (full 3):
 PSYoungGen      total 174592K, used 165563K [0x00000000e0000000, 0x00000000eda80000, 0x0000000100000000)
  eden space 150528K, 100% used [0x00000000e0000000,0x00000000e9300000,0x00000000e9300000)
  from space 24064K, 62% used [0x00000000e9300000,0x00000000ea1aee60,0x00000000eaa80000)
  to   space 24064K, 0% used [0x00000000ec300000,0x00000000ec300000,0x00000000eda80000)
 ParOldGen       total 181248K, used 46101K [0x00000000a0000000, 0x00000000ab100000, 0x00000000e0000000)
  object space 181248K, 25% used [0x00000000a0000000,0x00000000a2d05760,0x00000000ab100000)
 Metaspace       used 73849K, capacity 76210K, committed 76544K, reserved 1116160K
  class space    used 9779K, capacity 10371K, committed 10496K, reserved 1048576K
Event: 50.216 GC heap after
Heap after GC invocations=15 (full 3):
 PSYoungGen      total 195072K, used 23304K [0x00000000e0000000, 0x00000000edc00000, 0x0000000100000000)
  eden space 171008K, 0% used [0x00000000e0000000,0x00000000e0000000,0x00000000ea700000)
  from space 24064K, 96% used [0x00000000ec300000,0x00000000ed9c20a0,0x00000000eda80000)
  to   space 27136K, 0% used [0x00000000ea700000,0x00000000ea700000,0x00000000ec180000)
 ParOldGen       total 181248K, used 46109K [0x00000000a0000000, 0x00000000ab100000, 0x00000000e0000000)
  object space 181248K, 25% used [0x00000000a0000000,0x00000000a2d07760,0x00000000ab100000)
 Metaspace       used 73849K, capacity 76210K, committed 76544K, reserved 1116160K
  class space    used 9779K, capacity 10371K, committed 10496K, reserved 1048576K
}
Event: 54.119 GC heap before
{Heap before GC invocations=16 (full 3):
 PSYoungGen      total 195072K, used 194312K [0x00000000e0000000, 0x00000000edc00000, 0x0000000100000000)
  eden space 171008K, 100% used [0x00000000e0000000,0x00000000ea700000,0x00000000ea700000)
  from space 24064K, 96% used [0x00000000ec300000,0x00000000ed9c20a0,0x00000000eda80000)
  to   space 27136K, 0% used [0x00000000ea700000,0x00000000ea700000,0x00000000ec180000)
 ParOldGen       total 181248K, used 46109K [0x00000000a0000000, 0x00000000ab100000, 0x00000000e0000000)
  object space 181248K, 25% used [0x00000000a0000000,0x00000000a2d07760,0x00000000ab100000)
 Metaspace       used 80988K, capacity 83386K, committed 83712K, reserved 1122304K
  class space    used 10578K, capacity 11157K, committed 11264K, reserved 1048576K
Event: 54.177 GC heap after
Heap after GC invocations=16 (full 3):
 PSYoungGen      total 198144K, used 27106K [0x00000000e0000000, 0x00000000f0a00000, 0x0000000100000000)
  eden space 171008K, 0% used [0x00000000e0000000,0x00000000e0000000,0x00000000ea700000)
  from space 27136K, 99% used [0x00000000ea700000,0x00000000ec178b68,0x00000000ec180000)
  to   space 37888K, 0% used [0x00000000ee500000,0x00000000ee500000,0x00000000f0a00000)
 ParOldGen       total 181248K, used 64527K [0x00000000a0000000, 0x00000000ab100000, 0x00000000e0000000)
  object space 181248K, 35% used [0x00000000a0000000,0x00000000a3f03da8,0x00000000ab100000)
 Metaspace       used 80988K, capacity 83386K, committed 83712K, reserved 1122304K
  class space    used 10578K, capacity 11157K, committed 11264K, reserved 1048576K
}
Event: 56.043 GC heap before
{Heap before GC invocations=17 (full 3):
 PSYoungGen      total 198144K, used 198114K [0x00000000e0000000, 0x00000000f0a00000, 0x0000000100000000)
  eden space 171008K, 100% used [0x00000000e0000000,0x00000000ea700000,0x00000000ea700000)
  from space 27136K, 99% used [0x00000000ea700000,0x00000000ec178b68,0x00000000ec180000)
  to   space 37888K, 0% used [0x00000000ee500000,0x00000000ee500000,0x00000000f0a00000)
 ParOldGen       total 181248K, used 64527K [0x00000000a0000000, 0x00000000ab100000, 0x00000000e0000000)
  object space 181248K, 35% used [0x00000000a0000000,0x00000000a3f03da8,0x00000000ab100000)
 Metaspace       used 82638K, capacity 85114K, committed 85376K, reserved 1124352K
  class space    used 10693K, capacity 11285K, committed 11392K, reserved 1048576K
Event: 56.088 GC heap after
Heap after GC invocations=17 (full 3):
 PSYoungGen      total 222208K, used 37878K [0x00000000e0000000, 0x00000000f2700000, 0x0000000100000000)
  eden space 184320K, 0% used [0x00000000e0000000,0x00000000e0000000,0x00000000eb400000)
  from space 37888K, 99% used [0x00000000ee500000,0x00000000f09fd8a0,0x00000000f0a00000)
  to   space 50176K, 0% used [0x00000000eb400000,0x00000000eb400000,0x00000000ee500000)
 ParOldGen       total 181248K, used 82310K [0x00000000a0000000, 0x00000000ab100000, 0x00000000e0000000)
  object space 181248K, 45% used [0x00000000a0000000,0x00000000a50618b8,0x00000000ab100000)
 Metaspace       used 82638K, capacity 85114K, committed 85376K, reserved 1124352K
  class space    used 10693K, capacity 11285K, committed 11392K, reserved 1048576K
}
Event: 59.341 GC heap before
{Heap before GC invocations=18 (full 3):
 PSYoungGen      total 222208K, used 222198K [0x00000000e0000000, 0x00000000f2700000, 0x0000000100000000)
  eden space 184320K, 100% used [0x00000000e0000000,0x00000000eb400000,0x00000000eb400000)
  from space 37888K, 99% used [0x00000000ee500000,0x00000000f09fd8a0,0x00000000f0a00000)
  to   space 50176K, 0% used [0x00000000eb400000,0x00000000eb400000,0x00000000ee500000)
 ParOldGen       total 181248K, used 82310K [0x00000000a0000000, 0x00000000ab100000, 0x00000000e0000000)
  object space 181248K, 45% used [0x00000000a0000000,0x00000000a50618b8,0x00000000ab100000)
 Metaspace       used 83943K, capacity 86388K, committed 86528K, reserved 1124352K
  class space    used 10822K, capacity 11478K, committed 11520K, reserved 1048576K
Event: 59.423 GC heap after
Heap after GC invocations=18 (full 3):
 PSYoungGen      total 234496K, used 50167K [0x00000000e0000000, 0x00000000f2700000, 0x0000000100000000)
  eden space 184320K, 0% used [0x00000000e0000000,0x00000000e0000000,0x00000000eb400000)
  from space 50176K, 99% used [0x00000000eb400000,0x00000000ee4fdcc8,0x00000000ee500000)
  to   space 37888K, 0% used [0x00000000ee500000,0x00000000ee500000,0x00000000f0a00000)
 ParOldGen       total 181248K, used 96953K [0x00000000a0000000, 0x00000000ab100000, 0x00000000e0000000)
  object space 181248K, 53% used [0x00000000a0000000,0x00000000a5eae600,0x00000000ab100000)
 Metaspace       used 83943K, capacity 86388K, committed 86528K, reserved 1124352K
  class space    used 10822K, capacity 11478K, committed 11520K, reserved 1048576K
}
Event: 60.630 GC heap before
{Heap before GC invocations=19 (full 3):
 PSYoungGen      total 234496K, used 234487K [0x00000000e0000000, 0x00000000f2700000, 0x0000000100000000)
  eden space 184320K, 100% used [0x00000000e0000000,0x00000000eb400000,0x00000000eb400000)
  from space 50176K, 99% used [0x00000000eb400000,0x00000000ee4fdcc8,0x00000000ee500000)
  to   space 37888K, 0% used [0x00000000ee500000,0x00000000ee500000,0x00000000f0a00000)
 ParOldGen       total 181248K, used 96953K [0x00000000a0000000, 0x00000000ab100000, 0x00000000e0000000)
  object space 181248K, 53% used [0x00000000a0000000,0x00000000a5eae600,0x00000000ab100000)
 Metaspace       used 84289K, capacity 86804K, committed 87168K, reserved 1124352K
  class space    used 10870K, capacity 11526K, committed 11648K, reserved 1048576K
Event: 60.674 GC heap after
Heap after GC invocations=19 (full 3):
 PSYoungGen      total 222208K, used 37877K [0x00000000e0000000, 0x00000000f2700000, 0x0000000100000000)
  eden space 184320K, 0% used [0x00000000e0000000,0x00000000e0000000,0x00000000eb400000)
  from space 37888K, 99% used [0x00000000ee500000,0x00000000f09fd558,0x00000000f0a00000)
  to   space 50176K, 0% used [0x00000000eb400000,0x00000000eb400000,0x00000000ee500000)
 ParOldGen       total 181248K, used 125261K [0x00000000a0000000, 0x00000000ab100000, 0x00000000e0000000)
  object space 181248K, 69% used [0x00000000a0000000,0x00000000a7a534e0,0x00000000ab100000)
 Metaspace       used 84289K, capacity 86804K, committed 87168K, reserved 1124352K
  class space    used 10870K, capacity 11526K, committed 11648K, reserved 1048576K
}

Deoptimization events (10 events):
Event: 61.815 Thread 0x000000001cf7c800 Uncommon trap: reason=unstable_if action=reinterpret pc=0x00000000042f4b5c method=com.android.tools.r8.ir.code.ValueType.isWide()Z @ 4
Event: 61.816 Thread 0x000000001cf7c800 Uncommon trap: reason=unstable_if action=reinterpret pc=0x00000000050b2de4 method=com.android.tools.r8.ir.code.ValueType.isWide()Z @ 4
Event: 61.822 Thread 0x000000001cf7f800 Uncommon trap: reason=unstable_if action=reinterpret pc=0x000000000469fc64 method=com.android.tools.r8.ir.code.Value.isConstant()Z @ 14
Event: 61.850 Thread 0x000000001cf7f800 Uncommon trap: reason=range_check action=make_not_entrant pc=0x0000000005cb46c8 method=com.android.tools.r8.org.objectweb.asm.Type.getType([CI)Lcom/android/tools/r8/org/objectweb/asm/Type; @ 2
Event: 61.872 Thread 0x000000001cf7c800 Uncommon trap: reason=range_check action=make_not_entrant pc=0x0000000005cf4f38 method=com.android.tools.r8.org.objectweb.asm.Type.getType([CI)Lcom/android/tools/r8/org/objectweb/asm/Type; @ 2
Event: 61.932 Thread 0x000000001cf7e800 Uncommon trap: reason=unstable_if action=reinterpret pc=0x0000000004e63eb0 method=com.android.tools.r8.graph.CachedHashValueDexItem.equals(Ljava/lang/Object;)Z @ 10
Event: 62.071 Thread 0x000000001cf7c800 Uncommon trap: reason=class_check action=maybe_recompile pc=0x0000000005d3e008 method=com.android.tools.r8.ir.optimize.MoveEliminator.shouldBeEliminated(Lcom/android/tools/r8/ir/code/Instruction;)Z @ 256
Event: 62.071 Thread 0x000000001cf7c800 Uncommon trap: reason=class_check action=maybe_recompile pc=0x0000000005d3e20c method=com.android.tools.r8.ir.optimize.MoveEliminator.shouldBeEliminated(Lcom/android/tools/r8/ir/code/Instruction;)Z @ 83
Event: 62.071 Thread 0x000000001cf7c800 Uncommon trap: reason=class_check action=maybe_recompile pc=0x0000000005d3e20c method=com.android.tools.r8.ir.optimize.MoveEliminator.shouldBeEliminated(Lcom/android/tools/r8/ir/code/Instruction;)Z @ 83
Event: 62.071 Thread 0x000000001cf7c800 Uncommon trap: reason=class_check action=maybe_recompile pc=0x0000000005d3e20c method=com.android.tools.r8.ir.optimize.MoveEliminator.shouldBeEliminated(Lcom/android/tools/r8/ir/code/Instruction;)Z @ 83

Classes redefined (0 events):
No events

Internal exceptions (10 events):
Event: 54.413 Thread 0x000000001c9c8800 Implicit null exception at 0x00000000050d2275 to 0x00000000050d2969
Event: 57.886 Thread 0x000000001cf7e800 Exception <a 'sun/nio/fs/WindowsException'> (0x00000000e27ac098) thrown at [C:\ade\jenkins\workspace\8-2-build-windows-amd64-cygwin\jdk8u241\331\hotspot\src\share\vm\prims\jni.cpp, line 710]
Event: 57.886 Thread 0x000000001cf7c800 Exception <a 'sun/nio/fs/WindowsException'> (0x00000000e27f7180) thrown at [C:\ade\jenkins\workspace\8-2-build-windows-amd64-cygwin\jdk8u241\331\hotspot\src\share\vm\prims\jni.cpp, line 710]
Event: 59.657 Thread 0x000000001cf7f800 Exception <a 'sun/nio/fs/WindowsException'> (0x00000000e8437848) thrown at [C:\ade\jenkins\workspace\8-2-build-windows-amd64-cygwin\jdk8u241\331\hotspot\src\share\vm\prims\jni.cpp, line 710]
Event: 60.702 Thread 0x000000001c9c8800 Exception <a 'sun/nio/fs/WindowsException'> (0x00000000e00341c0) thrown at [C:\ade\jenkins\workspace\8-2-build-windows-amd64-cygwin\jdk8u241\331\hotspot\src\share\vm\prims\jni.cpp, line 710]
Event: 60.720 Thread 0x000000001cf7c800 Exception <a 'java/lang/NoSuchMethodError': java.lang.Object.lambda$and$0(Ljava/util/function/Predicate;Ljava/lang/Object;)Z> (0x00000000e038bae8) thrown at [C:\ade\jenkins\workspace\8-2-build-windows-amd64-cygwin\jdk8u241\331\hotspot\src\share\vm\interpr
Event: 60.720 Thread 0x000000001cf7f800 Exception <a 'java/lang/NoSuchMethodError': java.lang.Object.lambda$and$0(Ljava/util/function/Predicate;Ljava/lang/Object;)Z> (0x00000000e0186cd8) thrown at [C:\ade\jenkins\workspace\8-2-build-windows-amd64-cygwin\jdk8u241\331\hotspot\src\share\vm\interpr
Event: 60.738 Thread 0x000000001cf7e800 Exception <a 'java/lang/NoSuchMethodError': java.lang.Object.lambda$static$0(Ljava/lang/String;)Z> (0x00000000e02d67f8) thrown at [C:\ade\jenkins\workspace\8-2-build-windows-amd64-cygwin\jdk8u241\331\hotspot\src\share\vm\interpreter\linkResolver.cpp, line
Event: 60.789 Thread 0x000000001cf7e800 Exception <a 'sun/nio/fs/WindowsException'> (0x00000000e0549128) thrown at [C:\ade\jenkins\workspace\8-2-build-windows-amd64-cygwin\jdk8u241\331\hotspot\src\share\vm\prims\jni.cpp, line 710]
Event: 61.990 Thread 0x000000001cf7e800 Exception <a 'sun/nio/fs/WindowsException'> (0x00000000e4a1f7c8) thrown at [C:\ade\jenkins\workspace\8-2-build-windows-amd64-cygwin\jdk8u241\331\hotspot\src\share\vm\prims\jni.cpp, line 710]

Events (10 events):
Event: 62.071 Thread 0x000000001cf7c800 DEOPT UNPACKING pc=0x000000000362583b sp=0x0000000026b0e138 mode 2
Event: 62.071 Thread 0x000000001cf7c800 Uncommon trap: trap_request=0xffffffde fr.pc=0x0000000005d3e20c
Event: 62.071 Thread 0x000000001cf7c800 DEOPT PACKING pc=0x0000000005d3e20c sp=0x0000000026b0e1b0
Event: 62.071 Thread 0x000000001cf7c800 DEOPT UNPACKING pc=0x000000000362583b sp=0x0000000026b0e140 mode 2
Event: 62.071 Thread 0x000000001cf7c800 Uncommon trap: trap_request=0xffffffde fr.pc=0x0000000005d3e20c
Event: 62.071 Thread 0x000000001cf7c800 DEOPT PACKING pc=0x0000000005d3e20c sp=0x0000000026b0e1b0
Event: 62.071 Thread 0x000000001cf7c800 DEOPT UNPACKING pc=0x000000000362583b sp=0x0000000026b0e140 mode 2
Event: 62.071 Thread 0x000000001cf7c800 Uncommon trap: trap_request=0xffffffde fr.pc=0x0000000005d3e20c
Event: 62.071 Thread 0x000000001cf7c800 DEOPT PACKING pc=0x0000000005d3e20c sp=0x0000000026b0e1b0
Event: 62.071 Thread 0x000000001cf7c800 DEOPT UNPACKING pc=0x000000000362583b sp=0x0000000026b0e140 mode 2


Dynamic libraries:
0x00007ff7be790000 - 0x00007ff7be7c7000 	E:\Java\jdk1.8.0_241\bin\java.exe
0x00007ffbbd640000 - 0x00007ffbbd830000 	C:\WINDOWS\SYSTEM32\ntdll.dll
0x00007ffbbd210000 - 0x00007ffbbd2c2000 	C:\WINDOWS\System32\KERNEL32.DLL
0x00007ffbbb130000 - 0x00007ffbbb3d5000 	C:\WINDOWS\System32\KERNELBASE.dll
0x00007ffbbd4a0000 - 0x00007ffbbd543000 	C:\WINDOWS\System32\ADVAPI32.dll
0x00007ffbbca00000 - 0x00007ffbbca9e000 	C:\WINDOWS\System32\msvcrt.dll
0x00007ffbbc010000 - 0x00007ffbbc0a7000 	C:\WINDOWS\System32\sechost.dll
0x00007ffbbbd30000 - 0x00007ffbbbe50000 	C:\WINDOWS\System32\RPCRT4.dll
0x00007ffbbb850000 - 0x00007ffbbb9e4000 	C:\WINDOWS\System32\USER32.dll
0x00007ffbbad40000 - 0x00007ffbbad61000 	C:\WINDOWS\System32\win32u.dll
0x00007ffbbb6f0000 - 0x00007ffbbb716000 	C:\WINDOWS\System32\GDI32.dll
0x00007ffbbb530000 - 0x00007ffbbb6c6000 	C:\WINDOWS\System32\gdi32full.dll
0x00007ffbbaf70000 - 0x00007ffbbb00e000 	C:\WINDOWS\System32\msvcp_win.dll
0x00007ffbbb430000 - 0x00007ffbbb52a000 	C:\WINDOWS\System32\ucrtbase.dll
0x00007ffba4570000 - 0x00007ffba47f4000 	C:\WINDOWS\WinSxS\amd64_microsoft.windows.common-controls_6595b64144ccf1df_6.0.18362.1256_none_9e7e379be45e40e2\COMCTL32.dll
0x00007ffbbb9f0000 - 0x00007ffbbbd26000 	C:\WINDOWS\System32\combase.dll
0x00007ffbbb0a0000 - 0x00007ffbbb121000 	C:\WINDOWS\System32\bcryptPrimitives.dll
0x00007ffbbc300000 - 0x00007ffbbc32e000 	C:\WINDOWS\System32\IMM32.DLL
0x000000006dd70000 - 0x000000006de42000 	E:\Java\jdk1.8.0_241\jre\bin\msvcr100.dll
0x000000006c790000 - 0x000000006d03c000 	E:\Java\jdk1.8.0_241\jre\bin\server\jvm.dll
0x00007ffbbd490000 - 0x00007ffbbd498000 	C:\WINDOWS\System32\PSAPI.DLL
0x00007ffb954d0000 - 0x00007ffb954d9000 	C:\WINDOWS\SYSTEM32\WSOCK32.dll
0x00007ffbb3c40000 - 0x00007ffbb3c64000 	C:\WINDOWS\SYSTEM32\WINMM.dll
0x00007ffbb0f00000 - 0x00007ffbb0f0a000 	C:\WINDOWS\SYSTEM32\VERSION.dll
0x00007ffbbc230000 - 0x00007ffbbc29f000 	C:\WINDOWS\System32\WS2_32.dll
0x00007ffbb3c10000 - 0x00007ffbb3c3d000 	C:\WINDOWS\SYSTEM32\winmmbase.dll
0x00007ffbbb3e0000 - 0x00007ffbbb42a000 	C:\WINDOWS\System32\cfgmgr32.dll
0x00007ffbb8ff0000 - 0x00007ffbb8fff000 	E:\Java\jdk1.8.0_241\jre\bin\verify.dll
0x00007ffbb8f50000 - 0x00007ffbb8f79000 	E:\Java\jdk1.8.0_241\jre\bin\java.dll
0x00007ffbb8e80000 - 0x00007ffbb8e96000 	E:\Java\jdk1.8.0_241\jre\bin\zip.dll
0x00007ffbbcb20000 - 0x00007ffbbd207000 	C:\WINDOWS\System32\SHELL32.dll
0x00007ffbbc180000 - 0x00007ffbbc229000 	C:\WINDOWS\System32\shcore.dll
0x00007ffbba5b0000 - 0x00007ffbbad31000 	C:\WINDOWS\System32\windows.storage.dll
0x00007ffbba510000 - 0x00007ffbba533000 	C:\WINDOWS\System32\profapi.dll
0x00007ffbba560000 - 0x00007ffbba5aa000 	C:\WINDOWS\System32\powrprof.dll
0x00007ffbba4e0000 - 0x00007ffbba4f0000 	C:\WINDOWS\System32\UMPDC.dll
0x00007ffbbb720000 - 0x00007ffbbb772000 	C:\WINDOWS\System32\shlwapi.dll
0x00007ffbba4f0000 - 0x00007ffbba501000 	C:\WINDOWS\System32\kernel.appcore.dll
0x00007ffbbb6d0000 - 0x00007ffbbb6e7000 	C:\WINDOWS\System32\cryptsp.dll
0x00007ffbb9050000 - 0x00007ffbb906a000 	E:\Java\jdk1.8.0_241\jre\bin\net.dll
0x00007ffbb9d30000 - 0x00007ffbb9d97000 	C:\WINDOWS\system32\mswsock.dll
0x00007ffbb8e60000 - 0x00007ffbb8e72000 	E:\Java\jdk1.8.0_241\jre\bin\nio.dll
0x00007ffb99eb0000 - 0x00007ffb99ece000 	E:\Android\Gradle\native\25\windows-amd64\native-platform.dll
0x00007ffbb8fe0000 - 0x00007ffbb8fed000 	E:\Java\jdk1.8.0_241\jre\bin\management.dll
0x00007ffbb98a0000 - 0x00007ffbb98d3000 	C:\WINDOWS\system32\rsaenh.dll
0x00007ffbbb070000 - 0x00007ffbbb096000 	C:\WINDOWS\System32\bcrypt.dll
0x00007ffbba400000 - 0x00007ffbba425000 	C:\WINDOWS\SYSTEM32\USERENV.dll
0x00007ffbb9f00000 - 0x00007ffbb9f0c000 	C:\WINDOWS\SYSTEM32\CRYPTBASE.dll
0x00007ffbb9a40000 - 0x00007ffbb9a7a000 	C:\WINDOWS\SYSTEM32\IPHLPAPI.DLL
0x00007ffbbd2d0000 - 0x00007ffbbd2d8000 	C:\WINDOWS\System32\NSI.dll
0x00007ffbad4f0000 - 0x00007ffbad506000 	C:\WINDOWS\SYSTEM32\dhcpcsvc6.DLL
0x00007ffbad4a0000 - 0x00007ffbad4bc000 	C:\WINDOWS\SYSTEM32\dhcpcsvc.DLL
0x00007ffbb9a80000 - 0x00007ffbb9b4b000 	C:\WINDOWS\SYSTEM32\DNSAPI.dll
0x00007ffbb6a50000 - 0x00007ffbb6a74000 	E:\Java\jdk1.8.0_241\jre\bin\sunec.dll
0x00007ffb97430000 - 0x00007ffb9747b000 	C:\Program Files (x86)\Sangfor\SSL\ClientComponent2\SangforNspX64.dll
0x00007ffbbc330000 - 0x00007ffbbc487000 	C:\WINDOWS\System32\ole32.dll
0x00007ffbbc0b0000 - 0x00007ffbbc175000 	C:\WINDOWS\System32\OLEAUT32.dll
0x000000006e010000 - 0x000000006e036000 	C:\Program Files\Bonjour\mdnsNSP.dll
0x00007ffba9260000 - 0x00007ffba926a000 	C:\Windows\System32\rasadhlp.dll
0x00007ffbaa400000 - 0x00007ffbaa477000 	C:\WINDOWS\System32\fwpuclnt.dll
0x00007ffbb8e20000 - 0x00007ffbb8e2b000 	E:\Java\jdk1.8.0_241\jre\bin\sunmscapi.dll
0x00007ffbbad70000 - 0x00007ffbbaeb9000 	C:\WINDOWS\System32\CRYPT32.dll
0x00007ffbba540000 - 0x00007ffbba552000 	C:\WINDOWS\System32\MSASN1.dll

VM Arguments:
jvm_args: -Xmx1536m -Dfile.encoding=UTF-8 -Duser.country=CN -Duser.language=zh -Duser.variant 
java_command: org.gradle.launcher.daemon.bootstrap.GradleDaemon 4.6
java_class_path (initial): E:\Android\Gradle\wrapper\dists\gradle-4.6-all\bcst21l2brirad8k2ben1letg\gradle-4.6\lib\gradle-launcher-4.6.jar
Launcher Type: SUN_STANDARD

Environment Variables:
JAVA_HOME=E:\Java\jdk1.8.0_241
PATH=C:\Program Files\NVIDIA GPU Computing Toolkit\CUDA\v10.1\bin;C:\Program Files\NVIDIA GPU Computing Toolkit\CUDA\v10.1\libnvvp;C:\Program Files (x86)\Common Files\Oracle\Java\javapath;E:\Python\Python37\Scripts\;E:\Python\Python37\;E:\Python\Python37-32\Scripts\;E:\Python\Python37-32\;E:\Anaconda3;E:\Anaconda3\Library\mingw-w64\bin;E:\Anaconda3\Library\usr\bin;E:\Anaconda3\Library\bin;E:\Anaconda3\Scripts;C:\Users\Gary\AppData\Local\Microsoft\WindowsApps;E:\Fiddler;E:\Microsoft VS Code\bin;C:\Users\Gary\AppData\Local\GitHubDesktop\bin;D:\Bandizip\;E:\JetBrains\DataGrip 2019.3.3\bin;E:\JetBrains\PyCharm 2019.3.3\bin;E:\JetBrains\IntelliJ IDEA 2019.3.3\bin;E:\nodejs\node_global;E:\nodejs;E:\Java\jdk1.8.0_241\bin;E:\Java\jdk1.8.0_241\jre\bin;F:\maven\apache-maven-3.6.3\bin;C:\Program Files\dotnet\;C:\Program Files\NVIDIA Corporation\Nsight Compute 2019.4.0\;C:\Program Files (x86)\NVIDIA Corporation\PhysX\Common;C:\Program Files\NVIDIA Corporation\NVIDIA NvDLISR;E:\Git\cmd;;E:\Dart\dart-sdk\bin;E:\Anaconda3;E:\Anaconda3\Library\mingw-w64\bin;E:\Anaconda3\Library\usr\bin;E:\Anaconda3\Library\bin;E:\Anaconda3\Scripts;E:\Python\Python37\Scripts\;E:\Python\Python37\;E:\Python\Python37-32\Scripts\;E:\Python\Python37-32\;C:\Users\Gary\AppData\Local\Microsoft\WindowsApps;E:\Fiddler;E:\Microsoft VS Code\bin;C:\Users\Gary\AppData\Local\GitHubDesktop\bin;D:\Bandizip\;E:\JetBrains\DataGrip 2019.3.3\bin;;E:\JetBrains\PyCharm 2020.2.3\bin;;E:\JetBrains\IntelliJ IDEA 2019.3.3\bin;;E:\nodejs;E:\Java\jdk1.8.0_241\bin;E:\Java\jdk1.8.0_241\jre\bin;F:\maven\apache-maven-3.6.3\bin;C:\Users\Gary\.dotnet\tools;C:\WINDOWS;C:\WINDOWS\system32;E:\JetBrains\CLion 2020.2.4\bin;;E:\MinGW\x86_64-8.1.0-release-posix-sjlj-rt_v6-rev0\mingw64\bin;C:\Users\Gary\AppData\Roaming\npm;E:\MySQL\MySQL Server 5.7\bin;E:\Flutter\bin;
USERNAME=Gary
OS=Windows_NT
PROCESSOR_IDENTIFIER=Intel64 Family 6 Model 158 Stepping 9, GenuineIntel



---------------  S Y S T E M  ---------------

OS: Windows 10.0 , 64 bit Build 18362 (10.0.18362.1110)

CPU:total 4 (initial active 4) (4 cores per cpu, 1 threads per core) family 6 model 158 stepping 9, cmov, cx8, fxsr, mmx, sse, sse2, sse3, ssse3, sse4.1, sse4.2, popcnt, avx, avx2, aes, clmul, erms, 3dnowpref, lzcnt, tsc, tscinvbit, bmi1, bmi2, adx

Memory: 4k page, physical 12431656k(679928k free), swap 18985252k(5168k free)

vm_info: Java HotSpot(TM) 64-Bit Server VM (25.241-b07) for windows-amd64 JRE (1.8.0_241-b07), built on Dec 11 2019 10:21:40 by "rejava" with MS VC++ 10.0 (VS2010)

time: Thu Dec 31 14:33:37 2020
timezone: 中国标准时间
elapsed time: 62 seconds (0d 0h 1m 2s)

